Flow report for jop
Sat Apr 12 09:04:03 2014
Quartus II Version 11.0 Build 208 07/03/2011 Service Pack 1 SJ Web Edition


---------------------
; Table of Contents ;
---------------------
  1. Legal Notice
  2. Flow Summary
  3. Flow Settings
  4. Flow Non-Default Global Settings
  5. Flow Elapsed Time
  6. Flow OS Summary
  7. Flow Log



----------------
; Legal Notice ;
----------------
Copyright (C) 1991-2011 Altera Corporation
Your use of Altera Corporation's design tools, logic functions 
and other software and tools, and its AMPP partner logic 
functions, and any output files from any of the foregoing 
(including device programming or simulation files), and any 
associated documentation or information are expressly subject 
to the terms and conditions of the Altera Program License 
Subscription Agreement, Altera MegaCore Function License 
Agreement, or other applicable license agreement, including, 
without limitation, that your use is for the sole purpose of 
programming logic devices manufactured by Altera and sold by 
Altera or its authorized distributors.  Please refer to the 
applicable agreement for further details.



+------------------------------------------------------------------------------------+
; Flow Summary                                                                       ;
+------------------------------------+-----------------------------------------------+
; Flow Status                        ; Flow Failed - Sat Apr 12 09:04:03 2014        ;
; Quartus II Version                 ; 11.0 Build 208 07/03/2011 SP 1 SJ Web Edition ;
; Revision Name                      ; jop                                           ;
; Top-level Entity Name              ; jop                                           ;
; Family                             ; Cyclone II                                    ;
; Device                             ; EP2C70F896C6                                  ;
; Timing Models                      ; Final                                         ;
; Total logic elements               ; N/A until Partition Merge                     ;
;     Total combinational functions  ; N/A until Partition Merge                     ;
;     Dedicated logic registers      ; N/A until Partition Merge                     ;
; Total registers                    ; N/A until Partition Merge                     ;
; Total pins                         ; N/A until Partition Merge                     ;
; Total virtual pins                 ; N/A until Partition Merge                     ;
; Total memory bits                  ; N/A until Partition Merge                     ;
; Embedded Multiplier 9-bit elements ; N/A until Partition Merge                     ;
; Total PLLs                         ; N/A until Partition Merge                     ;
+------------------------------------+-----------------------------------------------+


+-----------------------------------------+
; Flow Settings                           ;
+-------------------+---------------------+
; Option            ; Setting             ;
+-------------------+---------------------+
; Start date & time ; 04/12/2014 09:03:50 ;
; Main task         ; Compilation         ;
; Revision Name     ; jop                 ;
+-------------------+---------------------+


+-------------------------------------------------------------------------------------------------------------------+
; Flow Non-Default Global Settings                                                                                  ;
+-------------------------------------+--------------------------------+---------------+-------------+--------------+
; Assignment Name                     ; Value                          ; Default Value ; Entity Name ; Section Id   ;
+-------------------------------------+--------------------------------+---------------+-------------+--------------+
; COMPILER_SIGNATURE_ID               ; 40093583938445.139728983005840 ; --            ; --          ; --           ;
; CYCLONE_OPTIMIZATION_TECHNIQUE      ; Speed                          ; Balanced      ; --          ; --           ;
; IGNORE_CLOCK_SETTINGS               ; On                             ; Off           ; --          ; --           ;
; MAX_CORE_JUNCTION_TEMP              ; 85                             ; --            ; --          ; --           ;
; MIN_CORE_JUNCTION_TEMP              ; 0                              ; --            ; --          ; --           ;
; OUTPUT_PIN_LOAD                     ; 5                              ; --            ; --          ; 3.3-V LVCMOS ;
; OUTPUT_PIN_LOAD                     ; 10                             ; --            ; --          ; 3.3-V PCI    ;
; OUTPUT_PIN_LOAD                     ; 10                             ; --            ; --          ; 3.3-V PCI-X  ;
; PARTITION_COLOR                     ; 2147039                        ; --            ; --          ; Top          ;
; PARTITION_FITTER_PRESERVATION_LEVEL ; PLACEMENT_AND_ROUTING          ; --            ; --          ; Top          ;
; PARTITION_NETLIST_TYPE              ; SOURCE                         ; --            ; --          ; Top          ;
; TCO_REQUIREMENT                     ; 10 ns                          ; --            ; --          ; --           ;
; TSU_REQUIREMENT                     ; 5 ns                           ; --            ; --          ; --           ;
+-------------------------------------+--------------------------------+---------------+-------------+--------------+


+--------------------------------------------------------------------------------------------------------------------------+
; Flow Elapsed Time                                                                                                        ;
+----------------------+--------------+-------------------------+---------------------+------------------------------------+
; Module Name          ; Elapsed Time ; Average Processors Used ; Peak Virtual Memory ; Total CPU Time (on all processors) ;
+----------------------+--------------+-------------------------+---------------------+------------------------------------+
; Analysis & Synthesis ; 00:00:14     ; 1.0                     ; 312 MB              ; 00:00:05                           ;
; Total                ; 00:00:14     ; --                      ; --                  ; 00:00:05                           ;
+----------------------+--------------+-------------------------+---------------------+------------------------------------+


+-----------------------------------------------------------------------------------+
; Flow OS Summary                                                                   ;
+----------------------+------------------+-----------+------------+----------------+
; Module Name          ; Machine Hostname ; OS Name   ; OS Version ; Processor type ;
+----------------------+------------------+-----------+------------+----------------+
; Analysis & Synthesis ; en-283774        ; Windows 7 ; 6.1        ; x86_64         ;
+----------------------+------------------+-----------+------------+----------------+


------------
; Flow Log ;
------------
quartus_map quartus/altde2-70/jop



