Flow report for jop
Sun Jun 08 10:59:37 2014
Quartus II 64-Bit Version 11.0 Build 208 07/03/2011 Service Pack 1 SJ Full Version


---------------------
; Table of Contents ;
---------------------
  1. Legal Notice
  2. Flow Summary
  3. Flow Settings
  4. Flow Non-Default Global Settings
  5. Flow Elapsed Time
  6. Flow OS Summary
  7. Flow Log



----------------
; Legal Notice ;
----------------
Copyright (C) 1991-2011 Altera Corporation
Your use of Altera Corporation's design tools, logic functions 
and other software and tools, and its AMPP partner logic 
functions, and any output files from any of the foregoing 
(including device programming or simulation files), and any 
associated documentation or information are expressly subject 
to the terms and conditions of the Altera Program License 
Subscription Agreement, Altera MegaCore Function License 
Agreement, or other applicable license agreement, including, 
without limitation, that your use is for the sole purpose of 
programming logic devices manufactured by Altera and sold by 
Altera or its authorized distributors.  Please refer to the 
applicable agreement for further details.



+-------------------------------------------------------------------------------------+
; Flow Summary                                                                        ;
+------------------------------------+------------------------------------------------+
; Flow Status                        ; Successful - Sun Jun 08 10:59:35 2014          ;
; Quartus II 64-Bit Version          ; 11.0 Build 208 07/03/2011 SP 1 SJ Full Version ;
; Revision Name                      ; jop                                            ;
; Top-level Entity Name              ; jop                                            ;
; Family                             ; Cyclone II                                     ;
; Device                             ; EP2C70F896C6                                   ;
; Timing Models                      ; Final                                          ;
; Total logic elements               ; 6,321 / 68,416 ( 9 % )                         ;
;     Total combinational functions  ; 6,070 / 68,416 ( 9 % )                         ;
;     Dedicated logic registers      ; 2,234 / 68,416 ( 3 % )                         ;
; Total registers                    ; 2234                                           ;
; Total pins                         ; 115 / 622 ( 18 % )                             ;
; Total virtual pins                 ; 0                                              ;
; Total memory bits                  ; 229,376 / 1,152,000 ( 20 % )                   ;
; Embedded Multiplier 9-bit elements ; 0 / 300 ( 0 % )                                ;
; Total PLLs                         ; 1 / 4 ( 25 % )                                 ;
+------------------------------------+------------------------------------------------+


+-----------------------------------------+
; Flow Settings                           ;
+-------------------+---------------------+
; Option            ; Setting             ;
+-------------------+---------------------+
; Start date & time ; 06/08/2014 10:58:32 ;
; Main task         ; Compilation         ;
; Revision Name     ; jop                 ;
+-------------------+---------------------+


+------------------------------------------------------------------------------------------------------------------------+
; Flow Non-Default Global Settings                                                                                       ;
+-------------------------------------+---------------------------------------+---------------+-------------+------------+
; Assignment Name                     ; Value                                 ; Default Value ; Entity Name ; Section Id ;
+-------------------------------------+---------------------------------------+---------------+-------------+------------+
; COMPILER_SIGNATURE_ID               ; 26403106616751.140218191104300        ; --            ; --          ; --         ;
; CYCLONE_OPTIMIZATION_TECHNIQUE      ; Speed                                 ; Balanced      ; --          ; --         ;
; IGNORE_CLOCK_SETTINGS               ; On                                    ; Off           ; --          ; --         ;
; MAX_CORE_JUNCTION_TEMP              ; 85                                    ; --            ; --          ; --         ;
; MIN_CORE_JUNCTION_TEMP              ; 0                                     ; --            ; --          ; --         ;
; PARTITION_COLOR                     ; 2147039                               ; --            ; --          ; Top        ;
; PARTITION_FITTER_PRESERVATION_LEVEL ; PLACEMENT_AND_ROUTING                 ; --            ; --          ; Top        ;
; PARTITION_NETLIST_TYPE              ; SOURCE                                ; --            ; --          ; Top        ;
; POWER_BOARD_THERMAL_MODEL           ; None (CONSERVATIVE)                   ; --            ; --          ; --         ;
; POWER_PRESET_COOLING_SOLUTION       ; 23 MM HEAT SINK WITH 200 LFPM AIRFLOW ; --            ; --          ; --         ;
; TCO_REQUIREMENT                     ; 10 ns                                 ; --            ; --          ; --         ;
; TSU_REQUIREMENT                     ; 5 ns                                  ; --            ; --          ; --         ;
+-------------------------------------+---------------------------------------+---------------+-------------+------------+


+-------------------------------------------------------------------------------------------------------------------------------+
; Flow Elapsed Time                                                                                                             ;
+---------------------------+--------------+-------------------------+---------------------+------------------------------------+
; Module Name               ; Elapsed Time ; Average Processors Used ; Peak Virtual Memory ; Total CPU Time (on all processors) ;
+---------------------------+--------------+-------------------------+---------------------+------------------------------------+
; Analysis & Synthesis      ; 00:00:35     ; 1.0                     ; 464 MB              ; 00:00:35                           ;
; Fitter                    ; 00:00:21     ; 2.5                     ; 682 MB              ; 00:00:24                           ;
; Assembler                 ; 00:00:04     ; 1.0                     ; 493 MB              ; 00:00:03                           ;
; TimeQuest Timing Analyzer ; 00:00:05     ; 2.8                     ; 509 MB              ; 00:00:06                           ;
; Total                     ; 00:01:05     ; --                      ; --                  ; 00:01:08                           ;
+---------------------------+--------------+-------------------------+---------------------+------------------------------------+


+----------------------------------------------------------------------------------------+
; Flow OS Summary                                                                        ;
+---------------------------+------------------+-----------+------------+----------------+
; Module Name               ; Machine Hostname ; OS Name   ; OS Version ; Processor type ;
+---------------------------+------------------+-----------+------------+----------------+
; Analysis & Synthesis      ; en-294779        ; Windows 7 ; 6.1        ; x86_64         ;
; Fitter                    ; en-294779        ; Windows 7 ; 6.1        ; x86_64         ;
; Assembler                 ; en-294779        ; Windows 7 ; 6.1        ; x86_64         ;
; TimeQuest Timing Analyzer ; en-294779        ; Windows 7 ; 6.1        ; x86_64         ;
+---------------------------+------------------+-----------+------------+----------------+


------------
; Flow Log ;
------------
quartus_map --read_settings_files=on --write_settings_files=off jop -c jop
quartus_fit --read_settings_files=off --write_settings_files=off jop -c jop
quartus_asm --read_settings_files=off --write_settings_files=off jop -c jop
quartus_sta jop -c jop



